[2025-10-18T00:09:14.641+0000] {taskinstance.py:1083} INFO - Dependencies all met for <TaskInstance: Airflow_Lab1.build_save_model_task manual__2025-10-18T00:09:10.505009+00:00 [queued]>
[2025-10-18T00:09:14.645+0000] {taskinstance.py:1083} INFO - Dependencies all met for <TaskInstance: Airflow_Lab1.build_save_model_task manual__2025-10-18T00:09:10.505009+00:00 [queued]>
[2025-10-18T00:09:14.646+0000] {taskinstance.py:1279} INFO - 
--------------------------------------------------------------------------------
[2025-10-18T00:09:14.646+0000] {taskinstance.py:1280} INFO - Starting attempt 1 of 1
[2025-10-18T00:09:14.646+0000] {taskinstance.py:1281} INFO - 
--------------------------------------------------------------------------------
[2025-10-18T00:09:14.653+0000] {taskinstance.py:1300} INFO - Executing <Task(PythonOperator): build_save_model_task> on 2025-10-18 00:09:10.505009+00:00
[2025-10-18T00:09:14.656+0000] {standard_task_runner.py:55} INFO - Started process 710 to run task
[2025-10-18T00:09:14.658+0000] {standard_task_runner.py:82} INFO - Running: ['***', 'tasks', 'run', 'Airflow_Lab1', 'build_save_model_task', 'manual__2025-10-18T00:09:10.505009+00:00', '--job-id', '11', '--raw', '--subdir', 'DAGS_FOLDER/***.py', '--cfg-path', '/tmp/tmprtc9llgn']
[2025-10-18T00:09:14.659+0000] {standard_task_runner.py:83} INFO - Job 11: Subtask build_save_model_task
[2025-10-18T00:09:14.703+0000] {task_command.py:388} INFO - Running <TaskInstance: Airflow_Lab1.build_save_model_task manual__2025-10-18T00:09:10.505009+00:00 [running]> on host bc108be0edb8
[2025-10-18T00:09:14.759+0000] {taskinstance.py:1509} INFO - Exporting the following env vars:
AIRFLOW_CTX_DAG_OWNER=your_name
AIRFLOW_CTX_DAG_ID=Airflow_Lab1
AIRFLOW_CTX_TASK_ID=build_save_model_task
AIRFLOW_CTX_EXECUTION_DATE=2025-10-18T00:09:10.505009+00:00
AIRFLOW_CTX_TRY_NUMBER=1
AIRFLOW_CTX_DAG_RUN_ID=manual__2025-10-18T00:09:10.505009+00:00
[2025-10-18T00:09:54.484+0000] {python.py:177} INFO - Done. Returned value was: [250.32804209291436, 128.89457877623192, 91.6483397573814, 72.46921532440925, 59.86140695977854, 52.06204237509106, 46.71118654804304, 41.50326475167139, 36.9282370939197, 33.98607596871967, 31.15817166791373, 28.845480032058735, 26.874432296111294, 25.999512369945634, 24.185078072393754, 22.71395006172974, 21.640087323981106, 20.780304808225498, 19.97678346580139, 19.438669340270902, 19.06639931435457, 18.446853884604554, 17.947211161985983, 16.898807424877266, 16.963181977976227, 16.582840757316497, 15.835651544091535, 15.775551490572001, 15.385507317533202, 15.020243180409237, 14.882873240965242, 14.607686984302395, 14.306186090616873, 13.89161473345485, 13.805485778871226, 13.361866184299288, 13.367890857521079, 13.073601934790833, 12.981196891357621, 13.028578398100311, 12.867008418863989, 12.617297944046326, 12.382973425034509, 12.112634671228028, 11.836539142218326, 11.577385920665522, 11.128836068114502, 11.0628045451492, 11.158174940252099]
[2025-10-18T00:09:54.511+0000] {taskinstance.py:1323} INFO - Marking task as SUCCESS. dag_id=Airflow_Lab1, task_id=build_save_model_task, execution_date=20251018T000910, start_date=20251018T000914, end_date=20251018T000954
[2025-10-18T00:09:54.572+0000] {local_task_job.py:208} INFO - Task exited with return code 0
[2025-10-18T00:09:54.593+0000] {taskinstance.py:2578} INFO - 1 downstream tasks scheduled from follow-on schedule check
