[2025-10-18T05:39:55.513+0000] {taskinstance.py:1083} INFO - Dependencies all met for <TaskInstance: Multi_Model_Clustering.evaluate_models_task manual__2025-10-18T05:39:36.104248+00:00 [queued]>
[2025-10-18T05:39:55.520+0000] {taskinstance.py:1083} INFO - Dependencies all met for <TaskInstance: Multi_Model_Clustering.evaluate_models_task manual__2025-10-18T05:39:36.104248+00:00 [queued]>
[2025-10-18T05:39:55.520+0000] {taskinstance.py:1279} INFO - 
--------------------------------------------------------------------------------
[2025-10-18T05:39:55.520+0000] {taskinstance.py:1280} INFO - Starting attempt 1 of 1
[2025-10-18T05:39:55.520+0000] {taskinstance.py:1281} INFO - 
--------------------------------------------------------------------------------
[2025-10-18T05:39:55.528+0000] {taskinstance.py:1300} INFO - Executing <Task(PythonOperator): evaluate_models_task> on 2025-10-18 05:39:36.104248+00:00
[2025-10-18T05:39:55.537+0000] {standard_task_runner.py:55} INFO - Started process 12026 to run task
[2025-10-18T05:39:55.540+0000] {standard_task_runner.py:82} INFO - Running: ['***', 'tasks', 'run', 'Multi_Model_Clustering', 'evaluate_models_task', 'manual__2025-10-18T05:39:36.104248+00:00', '--job-id', '18', '--raw', '--subdir', 'DAGS_FOLDER/***.py', '--cfg-path', '/tmp/tmpmggm0zqi']
[2025-10-18T05:39:55.541+0000] {standard_task_runner.py:83} INFO - Job 18: Subtask evaluate_models_task
[2025-10-18T05:39:55.603+0000] {task_command.py:388} INFO - Running <TaskInstance: Multi_Model_Clustering.evaluate_models_task manual__2025-10-18T05:39:36.104248+00:00 [running]> on host bc108be0edb8
[2025-10-18T05:39:55.673+0000] {taskinstance.py:1509} INFO - Exporting the following env vars:
AIRFLOW_CTX_DAG_OWNER=your_name
AIRFLOW_CTX_DAG_ID=Multi_Model_Clustering
AIRFLOW_CTX_TASK_ID=evaluate_models_task
AIRFLOW_CTX_EXECUTION_DATE=2025-10-18T05:39:36.104248+00:00
AIRFLOW_CTX_TRY_NUMBER=1
AIRFLOW_CTX_DAG_RUN_ID=manual__2025-10-18T05:39:36.104248+00:00
[2025-10-18T05:39:55.676+0000] {python.py:177} INFO - Done. Returned value was: /opt/***/dags/model/dbscan.pkl
[2025-10-18T05:39:55.688+0000] {taskinstance.py:1323} INFO - Marking task as SUCCESS. dag_id=Multi_Model_Clustering, task_id=evaluate_models_task, execution_date=20251018T053936, start_date=20251018T053955, end_date=20251018T053955
[2025-10-18T05:39:55.721+0000] {local_task_job.py:208} INFO - Task exited with return code 0
[2025-10-18T05:39:55.738+0000] {taskinstance.py:2578} INFO - 1 downstream tasks scheduled from follow-on schedule check
