[2025-10-21T00:20:26.437+0000] {taskinstance.py:1083} INFO - Dependencies all met for <TaskInstance: wine_classification.train_logistic manual__2025-10-21T00:20:22.468567+00:00 [queued]>
[2025-10-21T00:20:26.446+0000] {taskinstance.py:1083} INFO - Dependencies all met for <TaskInstance: wine_classification.train_logistic manual__2025-10-21T00:20:22.468567+00:00 [queued]>
[2025-10-21T00:20:26.447+0000] {taskinstance.py:1279} INFO - 
--------------------------------------------------------------------------------
[2025-10-21T00:20:26.447+0000] {taskinstance.py:1280} INFO - Starting attempt 1 of 2
[2025-10-21T00:20:26.451+0000] {taskinstance.py:1281} INFO - 
--------------------------------------------------------------------------------
[2025-10-21T00:20:26.464+0000] {taskinstance.py:1300} INFO - Executing <Task(PythonOperator): train_logistic> on 2025-10-21 00:20:22.468567+00:00
[2025-10-21T00:20:26.473+0000] {standard_task_runner.py:55} INFO - Started process 696 to run task
[2025-10-21T00:20:26.479+0000] {standard_task_runner.py:82} INFO - Running: ['***', 'tasks', 'run', 'wine_classification', 'train_logistic', 'manual__2025-10-21T00:20:22.468567+00:00', '--job-id', '24', '--raw', '--subdir', 'DAGS_FOLDER/***.py', '--cfg-path', '/tmp/tmppbxudff0']
[2025-10-21T00:20:26.480+0000] {standard_task_runner.py:83} INFO - Job 24: Subtask train_logistic
[2025-10-21T00:20:26.576+0000] {task_command.py:388} INFO - Running <TaskInstance: wine_classification.train_logistic manual__2025-10-21T00:20:22.468567+00:00 [running]> on host bc108be0edb8
[2025-10-21T00:20:26.695+0000] {taskinstance.py:1509} INFO - Exporting the following env vars:
AIRFLOW_CTX_DAG_OWNER=***
AIRFLOW_CTX_DAG_ID=wine_classification
AIRFLOW_CTX_TASK_ID=train_logistic
AIRFLOW_CTX_EXECUTION_DATE=2025-10-21T00:20:22.468567+00:00
AIRFLOW_CTX_TRY_NUMBER=1
AIRFLOW_CTX_DAG_RUN_ID=manual__2025-10-21T00:20:22.468567+00:00
[2025-10-21T00:20:26.719+0000] {python.py:177} INFO - Done. Returned value was: b'\x80\x03}q\x00(X\x05\x00\x00\x00modelq\x01X\x08\x00\x00\x00Logisticq\x02X\x08\x00\x00\x00accuracyq\x03cnumpy.core.multiarray\nscalar\nq\x04cnumpy\ndtype\nq\x05X\x02\x00\x00\x00f8q\x06\x89\x88\x87q\x07Rq\x08(K\x03X\x01\x00\x00\x00<q\tNNNJ\xff\xff\xff\xffJ\xff\xff\xff\xffK\x00tq\nbC\x08\x85\xf6\x12\xdaKh\xef?q\x0b\x86q\x0cRq\rX\x04\x00\x00\x00pathq\x0eX$\x00\x00\x00/opt/airflow/dags/model/logistic.pklq\x0fu.'
[2025-10-21T00:20:26.751+0000] {taskinstance.py:1323} INFO - Marking task as SUCCESS. dag_id=wine_classification, task_id=train_logistic, execution_date=20251021T002022, start_date=20251021T002026, end_date=20251021T002026
[2025-10-21T00:20:26.781+0000] {local_task_job.py:208} INFO - Task exited with return code 0
[2025-10-21T00:20:26.821+0000] {taskinstance.py:2578} INFO - 0 downstream tasks scheduled from follow-on schedule check
