[2025-10-21T00:20:28.292+0000] {taskinstance.py:1083} INFO - Dependencies all met for <TaskInstance: wine_classification.evaluate_models manual__2025-10-21T00:20:22.468567+00:00 [queued]>
[2025-10-21T00:20:28.299+0000] {taskinstance.py:1083} INFO - Dependencies all met for <TaskInstance: wine_classification.evaluate_models manual__2025-10-21T00:20:22.468567+00:00 [queued]>
[2025-10-21T00:20:28.299+0000] {taskinstance.py:1279} INFO - 
--------------------------------------------------------------------------------
[2025-10-21T00:20:28.300+0000] {taskinstance.py:1280} INFO - Starting attempt 1 of 2
[2025-10-21T00:20:28.300+0000] {taskinstance.py:1281} INFO - 
--------------------------------------------------------------------------------
[2025-10-21T00:20:28.308+0000] {taskinstance.py:1300} INFO - Executing <Task(PythonOperator): evaluate_models> on 2025-10-21 00:20:22.468567+00:00
[2025-10-21T00:20:28.313+0000] {standard_task_runner.py:55} INFO - Started process 700 to run task
[2025-10-21T00:20:28.315+0000] {standard_task_runner.py:82} INFO - Running: ['***', 'tasks', 'run', 'wine_classification', 'evaluate_models', 'manual__2025-10-21T00:20:22.468567+00:00', '--job-id', '27', '--raw', '--subdir', 'DAGS_FOLDER/***.py', '--cfg-path', '/tmp/tmpd1mwseql']
[2025-10-21T00:20:28.316+0000] {standard_task_runner.py:83} INFO - Job 27: Subtask evaluate_models
[2025-10-21T00:20:28.358+0000] {task_command.py:388} INFO - Running <TaskInstance: wine_classification.evaluate_models manual__2025-10-21T00:20:22.468567+00:00 [running]> on host bc108be0edb8
[2025-10-21T00:20:28.416+0000] {taskinstance.py:1509} INFO - Exporting the following env vars:
AIRFLOW_CTX_DAG_OWNER=***
AIRFLOW_CTX_DAG_ID=wine_classification
AIRFLOW_CTX_TASK_ID=evaluate_models
AIRFLOW_CTX_EXECUTION_DATE=2025-10-21T00:20:22.468567+00:00
AIRFLOW_CTX_TRY_NUMBER=1
AIRFLOW_CTX_DAG_RUN_ID=manual__2025-10-21T00:20:22.468567+00:00
[2025-10-21T00:20:28.417+0000] {logging_mixin.py:137} INFO - Best model: Logistic with accuracy: 0.9815
[2025-10-21T00:20:28.418+0000] {python.py:177} INFO - Done. Returned value was: /opt/***/dags/model/logistic.pkl
[2025-10-21T00:20:28.428+0000] {taskinstance.py:1323} INFO - Marking task as SUCCESS. dag_id=wine_classification, task_id=evaluate_models, execution_date=20251021T002022, start_date=20251021T002028, end_date=20251021T002028
[2025-10-21T00:20:28.458+0000] {local_task_job.py:208} INFO - Task exited with return code 0
[2025-10-21T00:20:28.473+0000] {taskinstance.py:2578} INFO - 1 downstream tasks scheduled from follow-on schedule check
