[2025-10-18T05:39:42.738+0000] {taskinstance.py:1083} INFO - Dependencies all met for <TaskInstance: Multi_Model_Clustering.agglo_model_task manual__2025-10-18T05:39:36.104248+00:00 [queued]>
[2025-10-18T05:39:42.746+0000] {taskinstance.py:1083} INFO - Dependencies all met for <TaskInstance: Multi_Model_Clustering.agglo_model_task manual__2025-10-18T05:39:36.104248+00:00 [queued]>
[2025-10-18T05:39:42.746+0000] {taskinstance.py:1279} INFO - 
--------------------------------------------------------------------------------
[2025-10-18T05:39:42.746+0000] {taskinstance.py:1280} INFO - Starting attempt 1 of 1
[2025-10-18T05:39:42.746+0000] {taskinstance.py:1281} INFO - 
--------------------------------------------------------------------------------
[2025-10-18T05:39:42.754+0000] {taskinstance.py:1300} INFO - Executing <Task(PythonOperator): agglo_model_task> on 2025-10-18 05:39:36.104248+00:00
[2025-10-18T05:39:42.764+0000] {standard_task_runner.py:55} INFO - Started process 11983 to run task
[2025-10-18T05:39:42.788+0000] {standard_task_runner.py:82} INFO - Running: ['***', 'tasks', 'run', 'Multi_Model_Clustering', 'agglo_model_task', 'manual__2025-10-18T05:39:36.104248+00:00', '--job-id', '16', '--raw', '--subdir', 'DAGS_FOLDER/***.py', '--cfg-path', '/tmp/tmpriwkj7ui']
[2025-10-18T05:39:42.800+0000] {standard_task_runner.py:83} INFO - Job 16: Subtask agglo_model_task
[2025-10-18T05:39:42.911+0000] {task_command.py:388} INFO - Running <TaskInstance: Multi_Model_Clustering.agglo_model_task manual__2025-10-18T05:39:36.104248+00:00 [running]> on host bc108be0edb8
[2025-10-18T05:39:43.103+0000] {taskinstance.py:1509} INFO - Exporting the following env vars:
AIRFLOW_CTX_DAG_OWNER=your_name
AIRFLOW_CTX_DAG_ID=Multi_Model_Clustering
AIRFLOW_CTX_TASK_ID=agglo_model_task
AIRFLOW_CTX_EXECUTION_DATE=2025-10-18T05:39:36.104248+00:00
AIRFLOW_CTX_TRY_NUMBER=1
AIRFLOW_CTX_DAG_RUN_ID=manual__2025-10-18T05:39:36.104248+00:00
[2025-10-18T05:39:53.139+0000] {python.py:177} INFO - Done. Returned value was: b'\x80\x03}q\x00(X\x05\x00\x00\x00modelq\x01X\r\x00\x00\x00Agglomerativeq\x02X\n\x00\x00\x00silhouetteq\x03cnumpy.core.multiarray\nscalar\nq\x04cnumpy\ndtype\nq\x05X\x02\x00\x00\x00f8q\x06\x89\x88\x87q\x07Rq\x08(K\x03X\x01\x00\x00\x00<q\tNNNJ\xff\xff\xff\xffJ\xff\xff\xff\xffK\x00tq\nbC\x08\x9c\xf7\xa4l\x906\xd5?q\x0b\x86q\x0cRq\rX\x04\x00\x00\x00pathq\x0eX!\x00\x00\x00/opt/airflow/dags/model/agglo.pklq\x0fu.'
[2025-10-18T05:39:53.207+0000] {taskinstance.py:1323} INFO - Marking task as SUCCESS. dag_id=Multi_Model_Clustering, task_id=agglo_model_task, execution_date=20251018T053936, start_date=20251018T053942, end_date=20251018T053953
[2025-10-18T05:39:53.251+0000] {local_task_job.py:208} INFO - Task exited with return code 0
[2025-10-18T05:39:53.338+0000] {taskinstance.py:2578} INFO - 1 downstream tasks scheduled from follow-on schedule check
